2019-02-27 01:11:40,767 [Worker-7: Loading available Gradle versions] INFO  o.e.b.c.i.u.g.PublishedGradleVersions - Gradle version information cache is out-of-date. Trying to update.
2019-02-27 08:29:29,423 [Worker-120: Updating Maven Dependencies] INFO  o.e.m.c.i.l.LifecycleMappingFactory - Using org.maven.ide.eclipse.wtp.WarLifecycleMapping lifecycle mapping for MavenProject: BeautyP:BeautyWeb:1.0-SNAPSHOT @ D:\Works\BeautyWeb\pom.xml.
2019-02-27 08:31:09,943 [Worker-120: Updating Maven Dependencies] INFO  o.e.m.c.i.embedder.EclipseLogger - Using 'UTF-8' encoding to copy filtered resources.
2019-02-27 08:31:09,947 [Worker-120: Updating Maven Dependencies] INFO  o.e.m.c.i.embedder.EclipseLogger - Copying 6 resources
2019-02-27 08:31:10,005 [Worker-120: Updating Maven Dependencies] INFO  o.e.m.c.i.embedder.EclipseLogger - Using 'UTF-8' encoding to copy filtered resources.
2019-02-27 08:31:10,006 [Worker-120: Updating Maven Dependencies] INFO  o.e.m.c.i.embedder.EclipseLogger - skip non existing resourceDirectory D:\Works\BeautyWeb\src\test\resources
2019-02-27 08:33:11,783 [Worker-124: Building workspace] INFO  o.e.m.c.i.embedder.EclipseLogger - Using 'UTF-8' encoding to copy filtered resources.
2019-02-27 08:33:11,790 [Worker-124: Building workspace] INFO  o.e.m.c.i.embedder.EclipseLogger - Copying 6 resources
2019-02-27 08:33:11,816 [Worker-124: Building workspace] INFO  o.e.m.c.i.embedder.EclipseLogger - Using 'UTF-8' encoding to copy filtered resources.
2019-02-27 08:33:11,816 [Worker-124: Building workspace] INFO  o.e.m.c.i.embedder.EclipseLogger - skip non existing resourceDirectory D:\Works\BeautyWeb\src\test\resources
2019-02-27 08:47:58,582 [Worker-119: Building workspace] INFO  o.e.m.c.i.embedder.EclipseLogger - Using 'UTF-8' encoding to copy filtered resources.
2019-02-27 08:47:58,582 [Worker-119: Building workspace] INFO  o.e.m.c.i.embedder.EclipseLogger - Copying 0 resource
2019-02-27 08:47:58,583 [Worker-119: Building workspace] INFO  o.e.m.c.i.embedder.EclipseLogger - Using 'UTF-8' encoding to copy filtered resources.
2019-02-27 08:47:58,583 [Worker-119: Building workspace] INFO  o.e.m.c.i.embedder.EclipseLogger - skip non existing resourceDirectory D:\Works\BeautyWeb\src\test\resources
2019-02-27 08:48:23,253 [Worker-132: Building workspace] INFO  o.e.m.c.i.embedder.EclipseLogger - Using 'UTF-8' encoding to copy filtered resources.
2019-02-27 08:48:23,253 [Worker-132: Building workspace] INFO  o.e.m.c.i.embedder.EclipseLogger - Copying 6 resources
2019-02-27 08:48:23,254 [Worker-132: Building workspace] INFO  o.e.m.c.i.embedder.EclipseLogger - Using 'UTF-8' encoding to copy filtered resources.
2019-02-27 08:48:23,255 [Worker-132: Building workspace] INFO  o.e.m.c.i.embedder.EclipseLogger - skip non existing resourceDirectory D:\Works\BeautyWeb\src\test\resources
2019-02-27 08:49:52,219 [Worker-119: Building workspace] INFO  o.e.m.c.i.embedder.EclipseLogger - Using 'UTF-8' encoding to copy filtered resources.
2019-02-27 08:49:52,219 [Worker-119: Building workspace] INFO  o.e.m.c.i.embedder.EclipseLogger - Copying 0 resource
2019-02-27 08:49:52,220 [Worker-119: Building workspace] INFO  o.e.m.c.i.embedder.EclipseLogger - Using 'UTF-8' encoding to copy filtered resources.
2019-02-27 08:49:52,220 [Worker-119: Building workspace] INFO  o.e.m.c.i.embedder.EclipseLogger - skip non existing resourceDirectory D:\Works\BeautyWeb\src\test\resources
2019-02-27 08:49:53,286 [Worker-119: Building workspace] INFO  o.e.m.c.i.embedder.EclipseLogger - Using 'UTF-8' encoding to copy filtered resources.
2019-02-27 08:49:53,286 [Worker-119: Building workspace] INFO  o.e.m.c.i.embedder.EclipseLogger - Copying 0 resource
2019-02-27 08:49:53,287 [Worker-119: Building workspace] INFO  o.e.m.c.i.embedder.EclipseLogger - Using 'UTF-8' encoding to copy filtered resources.
2019-02-27 08:49:53,287 [Worker-119: Building workspace] INFO  o.e.m.c.i.embedder.EclipseLogger - skip non existing resourceDirectory D:\Works\BeautyWeb\src\test\resources
2019-02-27 08:51:09,132 [Worker-133: Building workspace] INFO  o.e.m.c.i.embedder.EclipseLogger - Using 'UTF-8' encoding to copy filtered resources.
2019-02-27 08:51:09,132 [Worker-133: Building workspace] INFO  o.e.m.c.i.embedder.EclipseLogger - Copying 0 resource
2019-02-27 08:51:09,133 [Worker-133: Building workspace] INFO  o.e.m.c.i.embedder.EclipseLogger - Using 'UTF-8' encoding to copy filtered resources.
2019-02-27 08:51:09,133 [Worker-133: Building workspace] INFO  o.e.m.c.i.embedder.EclipseLogger - skip non existing resourceDirectory D:\Works\BeautyWeb\src\test\resources
2019-02-27 08:53:02,985 [Worker-132: Building workspace] INFO  o.e.m.c.i.embedder.EclipseLogger - Using 'UTF-8' encoding to copy filtered resources.
2019-02-27 08:53:02,986 [Worker-132: Building workspace] INFO  o.e.m.c.i.embedder.EclipseLogger - Copying 6 resources
2019-02-27 08:53:02,987 [Worker-132: Building workspace] INFO  o.e.m.c.i.embedder.EclipseLogger - Using 'UTF-8' encoding to copy filtered resources.
2019-02-27 08:53:02,987 [Worker-132: Building workspace] INFO  o.e.m.c.i.embedder.EclipseLogger - skip non existing resourceDirectory D:\Works\BeautyWeb\src\test\resources
2019-02-27 08:56:28,676 [Worker-132: Updating Maven Project] INFO  o.e.m.c.i.p.ProjectConfigurationManager - Update started
2019-02-27 08:56:36,197 [Worker-132: Updating Maven Project] INFO  o.e.m.c.i.l.LifecycleMappingFactory - Using org.maven.ide.eclipse.wtp.WarLifecycleMapping lifecycle mapping for MavenProject: BeautyP:BeautyWeb:1.0-SNAPSHOT @ D:\Works\BeautyWeb\pom.xml.
2019-02-27 08:56:43,076 [Worker-132: Updating Maven Project] INFO  o.e.m.j.i.AbstractJavaProjectConfigurator - Adding source folder /BeautyWeb/src/main/java
2019-02-27 08:56:43,077 [Worker-132: Updating Maven Project] INFO  o.e.m.j.i.AbstractJavaProjectConfigurator - Adding resource folder /BeautyWeb/src/main/resources
2019-02-27 08:56:43,077 [Worker-132: Updating Maven Project] INFO  o.e.m.j.i.AbstractJavaProjectConfigurator - Adding source folder /BeautyWeb/src/test/java
2019-02-27 08:57:15,137 [Worker-132: Updating Maven Project] INFO  o.e.m.c.i.embedder.EclipseLogger - Using 'UTF-8' encoding to copy filtered resources.
2019-02-27 08:57:15,139 [Worker-132: Updating Maven Project] INFO  o.e.m.c.i.embedder.EclipseLogger - Copying 6 resources
2019-02-27 08:57:15,173 [Worker-132: Updating Maven Project] INFO  o.e.m.c.i.embedder.EclipseLogger - Using 'UTF-8' encoding to copy filtered resources.
2019-02-27 08:57:15,174 [Worker-132: Updating Maven Project] INFO  o.e.m.c.i.embedder.EclipseLogger - skip non existing resourceDirectory D:\Works\BeautyWeb\src\test\resources
2019-02-27 08:57:15,174 [Worker-132: Updating Maven Project] INFO  o.e.m.w.i.f.ResourceFilteringBuildParticipant - Changed resources require a complete clean of filtered resources of BeautyWeb
2019-02-27 08:57:15,192 [Worker-132: Updating Maven Project] INFO  o.e.m.w.i.f.ResourceFilteringBuildParticipant - Executing resource filtering for BeautyWeb
2019-02-27 08:57:15,197 [Worker-132: Updating Maven Project] INFO  o.e.m.c.i.embedder.EclipseLogger - Using 'UTF-8' encoding to copy filtered resources.
2019-02-27 08:57:15,461 [Worker-132: Updating Maven Project] INFO  o.e.m.w.i.f.ResourceFilteringBuildParticipant - Cleaning filtered folder for BeautyWeb
2019-02-27 08:57:15,464 [Worker-132: Updating Maven Project] INFO  o.e.m.c.i.p.ProjectConfigurationManager - Update completed: 46 sec
2019-02-27 09:05:20,400 [Worker-148: Building workspace] INFO  o.e.m.c.i.embedder.EclipseLogger - Using 'UTF-8' encoding to copy filtered resources.
2019-02-27 09:05:20,400 [Worker-148: Building workspace] INFO  o.e.m.c.i.embedder.EclipseLogger - Copying 6 resources
2019-02-27 09:05:20,459 [Worker-148: Building workspace] INFO  o.e.m.c.i.embedder.EclipseLogger - Using 'UTF-8' encoding to copy filtered resources.
2019-02-27 09:05:20,459 [Worker-148: Building workspace] INFO  o.e.m.c.i.embedder.EclipseLogger - skip non existing resourceDirectory D:\Works\BeautyWeb\src\test\resources
2019-02-27 09:05:20,459 [Worker-148: Building workspace] INFO  o.e.m.w.i.f.ResourceFilteringBuildParticipant - Changed resources require a complete clean of filtered resources of BeautyWeb
2019-02-27 09:05:20,459 [Worker-148: Building workspace] INFO  o.e.m.w.i.f.ResourceFilteringBuildParticipant - Executing resource filtering for BeautyWeb
2019-02-27 09:05:20,463 [Worker-148: Building workspace] INFO  o.e.m.c.i.embedder.EclipseLogger - Using 'UTF-8' encoding to copy filtered resources.
